This is pdfeTeXk, Version 3.141592-1.11a-2.1 (Web2c 7.5.2) (format=pdflatex_ml 2004.5.10)  31 JUL 2013 17:13
 %&-line parsing enabled.
 (c:\sw55\TCITeX/web2c/cp8bit.tcx)
**&pdflatex_ml C:/sw55/swp0000.tex
(c:/sw55/swp0000.tex{c:\sw55\TCITeX/pdftex/config/pdftex.cfg}
LaTeX2e <2003/12/01>
Babel <v3.8a> and hyphenation patterns for american, english, french, german, n
german, loaded.
(c:\sw55\TCITeX/tex/latex/base/article.cls
Document Class: article 2004/02/16 v1.4f Standard LaTeX document class
(c:\sw55\TCITeX/tex/latex/base/size10.clo
File: size10.clo 2004/02/16 v1.4f Standard LaTeX file (size option)
)
\c@part=\count79
\c@section=\count80
\c@subsection=\count81
\c@subsubsection=\count82
\c@paragraph=\count83
\c@subparagraph=\count84
\c@figure=\count85
\c@table=\count86
\abovecaptionskip=\skip41
\belowcaptionskip=\skip42
\bibindent=\dimen102
)
\c@theorem=\count87

(c:\sw55\TCITeX/tex/latex/SWmacros/tcilatex.tex
TCILATEX Macros for Scientific Word and Scientific WorkPlace 5.5 <06 Oct 2005>.

NOTICE: This macro file is NOT proprietary and may be freely copied and distrib
uted.
\msipdfoutput=\count88
\@hour=\count89
\@minute=\count90
\GRAPHICSTYPE=\count91
\@msidraft=\count92
\dispkind=\count93
\c@chapter=\count94
\theight=\dimen103
LaTeX Info: Redefining \rm on input line 653.
LaTeX Info: Redefining \sf on input line 654.
LaTeX Info: Redefining \tt on input line 655.
LaTeX Info: Redefining \bf on input line 656.
LaTeX Info: Redefining \it on input line 657.
LaTeX Info: Redefining \sl on input line 658.
LaTeX Info: Redefining \sc on input line 659.
\c@equationnumber=\count95
\temptoksa=\toks14
\temptoksb=\toks15
\temptoksc=\toks16
(c:\sw55\TCITeX/tex/latex/amsmath/amsmath.sty
Package: amsmath 2000/07/18 v2.13 AMS math features
\@mathmargin=\skip43

For additional information on amsmath, use the `?' option.
(c:\sw55\TCITeX/tex/latex/amsmath/amstext.sty
Package: amstext 2000/06/29 v2.01

(c:\sw55\TCITeX/tex/latex/amsmath/amsgen.sty
File: amsgen.sty 1999/11/30 v2.0
\@emptytoks=\toks17
\ex@=\dimen104
))
(c:\sw55\TCITeX/tex/latex/amsmath/amsbsy.sty
Package: amsbsy 1999/11/29 v1.2d
\pmbraise@=\dimen105
)
(c:\sw55\TCITeX/tex/latex/amsmath/amsopn.sty
Package: amsopn 1999/12/14 v2.01 operator names
)
\inf@bad=\count96
LaTeX Info: Redefining \frac on input line 211.
\uproot@=\count97
\leftroot@=\count98
LaTeX Info: Redefining \overline on input line 307.
\classnum@=\count99
\DOTSCASE@=\count100
LaTeX Info: Redefining \ldots on input line 379.
LaTeX Info: Redefining \dots on input line 382.
LaTeX Info: Redefining \cdots on input line 467.
\Mathstrutbox@=\box26
\strutbox@=\box27
\big@size=\dimen106
LaTeX Font Info:    Redeclaring font encoding OML on input line 567.
LaTeX Font Info:    Redeclaring font encoding OMS on input line 568.
\macc@depth=\count101
\c@MaxMatrixCols=\count102
\dotsspace@=\muskip10
\c@parentequation=\count103
\dspbrk@lvl=\count104
\tag@help=\toks18
\row@=\count105
\column@=\count106
\maxfields@=\count107
\andhelp@=\toks19
\eqnshift@=\dimen107
\alignsep@=\dimen108
\tagshift@=\dimen109
\tagwidth@=\dimen110
\totwidth@=\dimen111
\lineht@=\dimen112
\@envbody=\toks20
\multlinegap=\skip44
\multlinetaggap=\skip45
\mathdisplay@stack=\toks21
LaTeX Info: Redefining \[ on input line 2666.
LaTeX Info: Redefining \] on input line 2667.
))
No file swp0000.aux.
\openout1 = `swp0000.aux'.

LaTeX Font Info:    Checking defaults for OML/cmm/m/it on input line 44.
LaTeX Font Info:    ... okay on input line 44.
LaTeX Font Info:    Checking defaults for T1/cmr/m/n on input line 44.
LaTeX Font Info:    ... okay on input line 44.
LaTeX Font Info:    Checking defaults for OT1/cmr/m/n on input line 44.
LaTeX Font Info:    ... okay on input line 44.
LaTeX Font Info:    Checking defaults for OMS/cmsy/m/n on input line 44.
LaTeX Font Info:    ... okay on input line 44.
LaTeX Font Info:    Checking defaults for OMX/cmex/m/n on input line 44.
LaTeX Font Info:    ... okay on input line 44.
LaTeX Font Info:    Checking defaults for U/cmr/m/n on input line 44.
LaTeX Font Info:    ... okay on input line 44.

Overfull \hbox (49.42018pt too wide) in paragraph at lines 71--75
[]/dcr10/The orig-i-nal equa-tion in Tao's pdf file is : $[][]/cmmi10/i[] /cmr1
0/= /cmmi10/c[] /cmr10/+ [][][][]/cmmi10/i[] /cmsy10/^^@ [][] [] [] /cmr10/+
 []

LaTeX Font Info:    Try loading font information for OMS+cmr on input line 79.
(c:\sw55\TCITeX/tex/latex/base/omscmr.fd
File: omscmr.fd 1999/05/25 v2.5h Standard LaTeX font definitions
)
LaTeX Font Info:    Font shape `OMS/cmr/m/n' in size <10> not available
(Font)              Font shape `OMS/cmsy/m/n' tried instead on input line 79.
 [1

{c:\sw55\TCITeX/pdftex/config/TrueTeX.map}{c:\sw55\TCITeX/pdftex/config/WinFont
s.map}{c:\sw55\TCITeX/pdftex/config/msi.map}] (./swp0000.aux) ) 
Here is how much of TeX's memory you used:
 1140 strings out of 95282
 11722 string characters out of 1187734
 65560 words of memory out of 1515710
 4220 multiletter control sequences out of 10000+50000
 9753 words of font info for 28 fonts, out of 1000000 for 2000
 22 hyphenation exceptions out of 1000
 29i,9n,20p,287b,200s stack positions out of 5000i,500n,6000p,200000b,40000s
 37 PDF objects out of 300000
 0 named destinations out of 131072
 1 words of extra memory for PDF output out of 65536
{c:\sw55\TCITeX/
fonts/type1/cmr5.enc}<c:\sw55\TCITeX/fonts/truetype/cmr5.ttf>{c:\sw55\TCITeX/fo
nts/type1/cmmi5.enc}<c:\sw55\TCITeX/fonts/truetype/cmmi5.ttf>{c:\sw55\TCITeX/fo
nts/type1/cmex10.enc}<c:\sw55\TCITeX/fonts/truetype/cmex10.ttf>{c:\sw55\TCITeX/
fonts/type1/cmsy10.enc}<c:\sw55\TCITeX/fonts/truetype/cmsy10.ttf>{c:\sw55\TCITe
X/fonts/type1/cmsy7.enc}<c:\sw55\TCITeX/fonts/truetype/cmsy7.ttf>{c:\sw55\TCITe
X/fonts/type1/cmr7.enc}<c:\sw55\TCITeX/fonts/truetype/cmr7.ttf>{c:\sw55\TCITeX/
fonts/type1/cmr10.enc}<c:\sw55\TCITeX/fonts/truetype/cmr10.ttf>{c:\sw55\TCITeX/
fonts/type1/cmmi7.enc}<c:\sw55\TCITeX/fonts/truetype/cmmi7.ttf>{c:\sw55\TCITeX/
fonts/type1/cmmi10.enc}<c:\sw55\TCITeX/fonts/truetype/cmmi10.ttf>{c:\sw55\TCITe
X/fonts/type1/dcr10.enc}<c:\sw55\TCITeX/fonts/truetype/dcr10.ttf>{c:\sw55\TCITe
X/fonts/type1/dcbx10.enc}<c:\sw55\TCITeX/fonts/truetype/dcbx10.ttf>
Output written on swp0000.pdf (1 page, 47889 bytes).
